[INFO  - 2015-02-05T17:32:31.049Z] GhostDriver - Main - running on port 2895
[INFO  - 2015-02-05T17:32:31.623Z] Session [f6bdae20-ad5c-11e4-bec2-57cdfc4f2897] - page.settings - {"XSSAuditingEnabled":false,"javascriptCanCloseWindows":true,"javascriptCanOpenWindows":true,"javascriptEnabled":true,"loadImages":true,"localToRemoteUrlAccessEnabled":false,"userAgent":"Mozilla/5.0 (Unknown; Linux x86_64) AppleWebKit/534.34 (KHTML, like Gecko) PhantomJS/1.9.7 Safari/534.34","webSecurityEnabled":true}
[INFO  - 2015-02-05T17:32:31.623Z] Session [f6bdae20-ad5c-11e4-bec2-57cdfc4f2897] - page.customHeaders:  - {}
[INFO  - 2015-02-05T17:32:31.624Z] Session [f6bdae20-ad5c-11e4-bec2-57cdfc4f2897] - Session.negotiatedCapabilities - {"browserName":"phantomjs","version":"1.9.7","driverName":"ghostdriver","driverVersion":"1.1.0","platform":"linux-unknown-64bit","javascriptEnabled":true,"takesScreenshot":true,"handlesAlerts":false,"databaseEnabled":false,"locationContextEnabled":false,"applicationCacheEnabled":false,"browserConnectionEnabled":false,"cssSelectorsEnabled":true,"webStorageEnabled":false,"rotatable":false,"acceptSslCerts":false,"nativeEvents":true,"proxy":{"proxyType":"direct"}}
[INFO  - 2015-02-05T17:32:31.624Z] SessionManagerReqHand - _postNewSessionCommand - New Session Created: f6bdae20-ad5c-11e4-bec2-57cdfc4f2897
[INFO  - 2015-02-05T17:32:37.058Z] ShutdownReqHand - _handle - About to shutdown
[INFO  - 2015-02-05T17:34:32.874Z] GhostDriver - Main - running on port 31002
[INFO  - 2015-02-05T17:34:33.426Z] Session [3f577ee0-ad5d-11e4-84f5-83eecba7d8ae] - page.settings - {"XSSAuditingEnabled":false,"javascriptCanCloseWindows":true,"javascriptCanOpenWindows":true,"javascriptEnabled":true,"loadImages":true,"localToRemoteUrlAccessEnabled":false,"userAgent":"Mozilla/5.0 (Unknown; Linux x86_64) AppleWebKit/534.34 (KHTML, like Gecko) PhantomJS/1.9.7 Safari/534.34","webSecurityEnabled":true}
[INFO  - 2015-02-05T17:34:33.426Z] Session [3f577ee0-ad5d-11e4-84f5-83eecba7d8ae] - page.customHeaders:  - {}
[INFO  - 2015-02-05T17:34:33.427Z] Session [3f577ee0-ad5d-11e4-84f5-83eecba7d8ae] - Session.negotiatedCapabilities - {"browserName":"phantomjs","version":"1.9.7","driverName":"ghostdriver","driverVersion":"1.1.0","platform":"linux-unknown-64bit","javascriptEnabled":true,"takesScreenshot":true,"handlesAlerts":false,"databaseEnabled":false,"locationContextEnabled":false,"applicationCacheEnabled":false,"browserConnectionEnabled":false,"cssSelectorsEnabled":true,"webStorageEnabled":false,"rotatable":false,"acceptSslCerts":false,"nativeEvents":true,"proxy":{"proxyType":"direct"}}
[INFO  - 2015-02-05T17:34:33.427Z] SessionManagerReqHand - _postNewSessionCommand - New Session Created: 3f577ee0-ad5d-11e4-84f5-83eecba7d8ae
[INFO  - 2015-02-05T17:34:38.734Z] ShutdownReqHand - _handle - About to shutdown
[INFO  - 2015-02-06T07:43:10.985Z] GhostDriver - Main - running on port 28521
[INFO  - 2015-02-06T07:43:11.515Z] Session [cce34a70-add3-11e4-a446-9df88d402912] - page.settings - {"XSSAuditingEnabled":false,"javascriptCanCloseWindows":true,"javascriptCanOpenWindows":true,"javascriptEnabled":true,"loadImages":true,"localToRemoteUrlAccessEnabled":false,"userAgent":"Mozilla/5.0 (Unknown; Linux x86_64) AppleWebKit/534.34 (KHTML, like Gecko) PhantomJS/1.9.7 Safari/534.34","webSecurityEnabled":true}
[INFO  - 2015-02-06T07:43:11.515Z] Session [cce34a70-add3-11e4-a446-9df88d402912] - page.customHeaders:  - {}
[INFO  - 2015-02-06T07:43:11.516Z] Session [cce34a70-add3-11e4-a446-9df88d402912] - Session.negotiatedCapabilities - {"browserName":"phantomjs","version":"1.9.7","driverName":"ghostdriver","driverVersion":"1.1.0","platform":"linux-unknown-64bit","javascriptEnabled":true,"takesScreenshot":true,"handlesAlerts":false,"databaseEnabled":false,"locationContextEnabled":false,"applicationCacheEnabled":false,"browserConnectionEnabled":false,"cssSelectorsEnabled":true,"webStorageEnabled":false,"rotatable":false,"acceptSslCerts":false,"nativeEvents":true,"proxy":{"proxyType":"direct"}}
[INFO  - 2015-02-06T07:43:11.516Z] SessionManagerReqHand - _postNewSessionCommand - New Session Created: cce34a70-add3-11e4-a446-9df88d402912
[ERROR - 2015-02-06T07:43:20.179Z] WebElementLocator - _handleLocateCommand - Element(s) NOT Found: GAVE UP. Search Stop Time: 1423208600173
[ERROR - 2015-02-06T07:43:22.131Z] WebElementLocator - _handleLocateCommand - Element(s) NOT Found: GAVE UP. Search Stop Time: 1423208602067
[INFO  - 2015-02-06T07:43:27.814Z] ShutdownReqHand - _handle - About to shutdown
[INFO  - 2015-02-06T10:46:49.236Z] GhostDriver - Main - running on port 11311
[INFO  - 2015-02-06T10:46:49.782Z] Session [74496920-aded-11e4-9886-4d0eb11c40ee] - page.settings - {"XSSAuditingEnabled":false,"javascriptCanCloseWindows":true,"javascriptCanOpenWindows":true,"javascriptEnabled":true,"loadImages":true,"localToRemoteUrlAccessEnabled":false,"userAgent":"Mozilla/5.0 (Unknown; Linux x86_64) AppleWebKit/534.34 (KHTML, like Gecko) PhantomJS/1.9.7 Safari/534.34","webSecurityEnabled":true}
[INFO  - 2015-02-06T10:46:49.782Z] Session [74496920-aded-11e4-9886-4d0eb11c40ee] - page.customHeaders:  - {}
[INFO  - 2015-02-06T10:46:49.782Z] Session [74496920-aded-11e4-9886-4d0eb11c40ee] - Session.negotiatedCapabilities - {"browserName":"phantomjs","version":"1.9.7","driverName":"ghostdriver","driverVersion":"1.1.0","platform":"linux-unknown-64bit","javascriptEnabled":true,"takesScreenshot":true,"handlesAlerts":false,"databaseEnabled":false,"locationContextEnabled":false,"applicationCacheEnabled":false,"browserConnectionEnabled":false,"cssSelectorsEnabled":true,"webStorageEnabled":false,"rotatable":false,"acceptSslCerts":false,"nativeEvents":true,"proxy":{"proxyType":"direct"}}
[INFO  - 2015-02-06T10:46:49.783Z] SessionManagerReqHand - _postNewSessionCommand - New Session Created: 74496920-aded-11e4-9886-4d0eb11c40ee
[ERROR - 2015-02-06T10:46:51.383Z] WebElementLocator - _handleLocateCommand - Element(s) NOT Found: GAVE UP. Search Stop Time: 1423219611320
[INFO  - 2015-02-06T10:46:57.427Z] ShutdownReqHand - _handle - About to shutdown
[INFO  - 2015-02-06T14:00:29.718Z] GhostDriver - Main - running on port 8838
[INFO  - 2015-02-06T14:00:30.258Z] Session [82a154e0-ae08-11e4-a112-4d0b12ab6cb6] - page.settings - {"XSSAuditingEnabled":false,"javascriptCanCloseWindows":true,"javascriptCanOpenWindows":true,"javascriptEnabled":true,"loadImages":true,"localToRemoteUrlAccessEnabled":false,"userAgent":"Mozilla/5.0 (Unknown; Linux x86_64) AppleWebKit/534.34 (KHTML, like Gecko) PhantomJS/1.9.7 Safari/534.34","webSecurityEnabled":true}
[INFO  - 2015-02-06T14:00:30.258Z] Session [82a154e0-ae08-11e4-a112-4d0b12ab6cb6] - page.customHeaders:  - {}
[INFO  - 2015-02-06T14:00:30.259Z] Session [82a154e0-ae08-11e4-a112-4d0b12ab6cb6] - Session.negotiatedCapabilities - {"browserName":"phantomjs","version":"1.9.7","driverName":"ghostdriver","driverVersion":"1.1.0","platform":"linux-unknown-64bit","javascriptEnabled":true,"takesScreenshot":true,"handlesAlerts":false,"databaseEnabled":false,"locationContextEnabled":false,"applicationCacheEnabled":false,"browserConnectionEnabled":false,"cssSelectorsEnabled":true,"webStorageEnabled":false,"rotatable":false,"acceptSslCerts":false,"nativeEvents":true,"proxy":{"proxyType":"direct"}}
[INFO  - 2015-02-06T14:00:30.259Z] SessionManagerReqHand - _postNewSessionCommand - New Session Created: 82a154e0-ae08-11e4-a112-4d0b12ab6cb6
[ERROR - 2015-02-06T14:00:38.531Z] WebElementLocator - _handleLocateCommand - Element(s) NOT Found: GAVE UP. Search Stop Time: 1423231238468
[ERROR - 2015-02-06T14:00:40.507Z] WebElementLocator - _handleLocateCommand - Element(s) NOT Found: GAVE UP. Search Stop Time: 1423231240446
[INFO  - 2015-02-06T14:00:46.154Z] ShutdownReqHand - _handle - About to shutdown
[INFO  - 2015-04-16T15:16:37.555Z] GhostDriver - Main - running on port 8942
[INFO  - 2015-04-16T15:16:38.090Z] Session [93c5ee60-e44b-11e4-b087-ed36238c9a63] - page.settings - {"XSSAuditingEnabled":false,"javascriptCanCloseWindows":true,"javascriptCanOpenWindows":true,"javascriptEnabled":true,"loadImages":true,"localToRemoteUrlAccessEnabled":false,"userAgent":"Mozilla/5.0 (Unknown; Linux x86_64) AppleWebKit/534.34 (KHTML, like Gecko) PhantomJS/1.9.7 Safari/534.34","webSecurityEnabled":true}
[INFO  - 2015-04-16T15:16:38.090Z] Session [93c5ee60-e44b-11e4-b087-ed36238c9a63] - page.customHeaders:  - {}
[INFO  - 2015-04-16T15:16:38.090Z] Session [93c5ee60-e44b-11e4-b087-ed36238c9a63] - Session.negotiatedCapabilities - {"browserName":"phantomjs","version":"1.9.7","driverName":"ghostdriver","driverVersion":"1.1.0","platform":"linux-unknown-64bit","javascriptEnabled":true,"takesScreenshot":true,"handlesAlerts":false,"databaseEnabled":false,"locationContextEnabled":false,"applicationCacheEnabled":false,"browserConnectionEnabled":false,"cssSelectorsEnabled":true,"webStorageEnabled":false,"rotatable":false,"acceptSslCerts":false,"nativeEvents":true,"proxy":{"proxyType":"direct"}}
[INFO  - 2015-04-16T15:16:38.090Z] SessionManagerReqHand - _postNewSessionCommand - New Session Created: 93c5ee60-e44b-11e4-b087-ed36238c9a63
[ERROR - 2015-04-16T15:16:44.198Z] WebElementLocator - _handleLocateCommand - Element(s) NOT Found: GAVE UP. Search Stop Time: 1429197404159
[INFO  - 2015-04-16T15:16:49.262Z] ShutdownReqHand - _handle - About to shutdown
